app/build/intermediates/manifest_merge_blame_file/debug/manifest-merger-blame-debug-report.txt
1<?xml version="1.0" encoding="utf-8"?>
2<manifest xmlns:android="http://schemas.android.com/apk/res/android"
3    package="com.finalassignment"
4    android:versionCode="1"
5    android:versionName="1.0" >
6
7    <uses-sdk
8        android:minSdkVersion="23"
8-->src\main\AndroidManifest.xml
9        android:targetSdkVersion="30" />
9-->src\main\AndroidManifest.xml
10    <!--
11         The ACCESS_COARSE/FINE_LOCATION permissions are not required to use
12         Google Maps Android API v2, but you must specify either coarse or fine
13         location permissions for the "MyLocation" functionality.
14    -->
15    <uses-permission android:name="android.permission.ACCESS_FINE_LOCATION" />
15-->src\main\AndroidManifest.xml:9:5-79
15-->src\main\AndroidManifest.xml:9:22-76
16    <uses-permission android:name="android.permission.READ_EXTERNAL_STORAGE" />
16-->[com.github.dhaval2404:imagepicker:1.8] AndroidManifest.xml:11:5-80
16-->[com.github.dhaval2404:imagepicker:1.8] AndroidManifest.xml:11:22-77
17    <uses-permission android:name="android.permission.WRITE_EXTERNAL_STORAGE" /> <!-- Include required permissions for Google Maps API to run. -->
17-->[com.github.dhaval2404:imagepicker:1.8] AndroidManifest.xml:12:5-81
17-->[com.github.dhaval2404:imagepicker:1.8] AndroidManifest.xml:12:22-78
18    <uses-permission android:name="android.permission.ACCESS_NETWORK_STATE" />
18-->[com.google.android.gms:play-services-maps:17.0.0] AndroidManifest.xml:23:5-79
18-->[com.google.android.gms:play-services-maps:17.0.0] AndroidManifest.xml:23:22-76
19    <uses-permission android:name="android.permission.INTERNET" />
19-->[com.google.android.gms:play-services-maps:17.0.0] AndroidManifest.xml:24:5-67
19-->[com.google.android.gms:play-services-maps:17.0.0] AndroidManifest.xml:24:22-64
20
21    <uses-feature
21-->[com.google.android.gms:play-services-maps:17.0.0] AndroidManifest.xml:26:5-28:35
22        android:glEsVersion="0x00020000"
22-->[com.google.android.gms:play-services-maps:17.0.0] AndroidManifest.xml:27:9-41
23        android:required="true" />
23-->[com.google.android.gms:play-services-maps:17.0.0] AndroidManifest.xml:28:9-32
24
25    <application
25-->src\main\AndroidManifest.xml:11:5-41:19
26        android:allowBackup="true"
26-->src\main\AndroidManifest.xml:12:9-35
27        android:appComponentFactory="androidx.core.app.CoreComponentFactory"
27-->[androidx.core:core:1.3.2] AndroidManifest.xml:24:18-86
28        android:debuggable="true"
29        android:extractNativeLibs="false"
30        android:icon="@mipmap/ic_launcher"
30-->src\main\AndroidManifest.xml:13:9-43
31        android:label="@string/app_name"
31-->src\main\AndroidManifest.xml:14:9-41
32        android:roundIcon="@mipmap/ic_launcher_round"
32-->src\main\AndroidManifest.xml:15:9-54
33        android:supportsRtl="true"
33-->src\main\AndroidManifest.xml:16:9-35
34        android:testOnly="true"
35        android:theme="@style/Theme.Labtest1" >
35-->src\main\AndroidManifest.xml:17:9-46
36        <activity
36-->src\main\AndroidManifest.xml:19:9-28:20
37            android:name="com.labtest1.FinalAssignmentMainActivity"
37-->src\main\AndroidManifest.xml:20:13-56
38            android:label="@string/title_activity_final_assignment_main"
38-->src\main\AndroidManifest.xml:21:13-73
39            android:theme="@style/Theme.Labtest1.NoActionBar" >
39-->src\main\AndroidManifest.xml:22:13-62
40            <intent-filter>
40-->src\main\AndroidManifest.xml:23:13-27:29
41                <action android:name="android.intent.action.MAIN" />
41-->src\main\AndroidManifest.xml:24:17-69
41-->src\main\AndroidManifest.xml:24:25-66
42
43                <category android:name="android.intent.category.LAUNCHER" />
43-->src\main\AndroidManifest.xml:26:17-77
43-->src\main\AndroidManifest.xml:26:27-74
44            </intent-filter>
45        </activity>
46
47        <meta-data
47-->src\main\AndroidManifest.xml:30:9-32:55
48            android:name="com.google.android.geo.API_KEY"
48-->src\main\AndroidManifest.xml:31:13-58
49            android:value="@string/google_maps_key" />
49-->src\main\AndroidManifest.xml:32:13-52
50
51        <activity
51-->src\main\AndroidManifest.xml:34:9-37:52
52            android:name="com.labtest1.CountrySelectionActivity"
52-->src\main\AndroidManifest.xml:35:13-53
53            android:label="Select Country"
53-->src\main\AndroidManifest.xml:36:13-43
54            android:screenOrientation="portrait" />
54-->src\main\AndroidManifest.xml:37:13-49
55        <activity
55-->src\main\AndroidManifest.xml:38:9-40:52
56            android:name="com.labtest1.EditPageActivity"
56-->src\main\AndroidManifest.xml:39:13-45
57            android:screenOrientation="portrait" />
57-->src\main\AndroidManifest.xml:40:13-49
58        <activity
58-->[com.github.dhaval2404:imagepicker:1.8] AndroidManifest.xml:15:9-18:68
59            android:name="com.github.dhaval2404.imagepicker.ImagePickerActivity"
59-->[com.github.dhaval2404:imagepicker:1.8] AndroidManifest.xml:16:13-81
60            android:screenOrientation="unspecified"
60-->[com.github.dhaval2404:imagepicker:1.8] AndroidManifest.xml:17:13-52
61            android:theme="@style/Theme.Transparent.ImagePicker" />
61-->[com.github.dhaval2404:imagepicker:1.8] AndroidManifest.xml:18:13-65
62        <activity
62-->[com.github.dhaval2404:imagepicker:1.8] AndroidManifest.xml:19:9-22:72
63            android:name="com.yalantis.ucrop.UCropActivity"
63-->[com.github.dhaval2404:imagepicker:1.8] AndroidManifest.xml:20:13-60
64            android:screenOrientation="portrait"
64-->[com.github.dhaval2404:imagepicker:1.8] AndroidManifest.xml:21:13-49
65            android:theme="@style/Theme.AppCompat.Light.NoActionBar" />
65-->[com.github.dhaval2404:imagepicker:1.8] AndroidManifest.xml:22:13-69
66
67        <provider
67-->[com.github.dhaval2404:imagepicker:1.8] AndroidManifest.xml:24:9-32:20
68            android:name="com.github.dhaval2404.imagepicker.ImagePickerFileProvider"
68-->[com.github.dhaval2404:imagepicker:1.8] AndroidManifest.xml:25:13-85
69            android:authorities="com.finalassignment.imagepicker.provider"
69-->[com.github.dhaval2404:imagepicker:1.8] AndroidManifest.xml:26:13-72
70            android:exported="false"
70-->[com.github.dhaval2404:imagepicker:1.8] AndroidManifest.xml:27:13-37
71            android:grantUriPermissions="true" >
71-->[com.github.dhaval2404:imagepicker:1.8] AndroidManifest.xml:28:13-47
72            <meta-data
72-->[com.github.dhaval2404:imagepicker:1.8] AndroidManifest.xml:29:13-31:71
73                android:name="android.support.FILE_PROVIDER_PATHS"
73-->[com.github.dhaval2404:imagepicker:1.8] AndroidManifest.xml:30:17-67
74                android:resource="@xml/image_picker_provider_paths" />
74-->[com.github.dhaval2404:imagepicker:1.8] AndroidManifest.xml:31:17-68
75        </provider> <!-- Needs to be explicitly declared on P+ -->
76        <uses-library
76-->[com.google.android.gms:play-services-maps:17.0.0] AndroidManifest.xml:33:9-35:40
77            android:name="org.apache.http.legacy"
77-->[com.google.android.gms:play-services-maps:17.0.0] AndroidManifest.xml:34:13-50
78            android:required="false" />
78-->[com.google.android.gms:play-services-maps:17.0.0] AndroidManifest.xml:35:13-37
79
80        <service
80-->[androidx.room:room-runtime:2.2.6] AndroidManifest.xml:25:9-28:40
81            android:name="androidx.room.MultiInstanceInvalidationService"
81-->[androidx.room:room-runtime:2.2.6] AndroidManifest.xml:26:13-74
82            android:directBootAware="true"
82-->[androidx.room:room-runtime:2.2.6] AndroidManifest.xml:27:13-43
83            android:exported="false" />
83-->[androidx.room:room-runtime:2.2.6] AndroidManifest.xml:28:13-37
84
85        <meta-data
85-->[com.google.maps.android:android-maps-utils:0.4.4] AndroidManifest.xml:8:9-10:69
86            android:name="com.google.android.gms.version"
86-->[com.google.maps.android:android-maps-utils:0.4.4] AndroidManifest.xml:9:13-58
87            android:value="@integer/google_play_services_version" />
87-->[com.google.maps.android:android-maps-utils:0.4.4] AndroidManifest.xml:10:13-66
88
89        <activity
89-->[com.google.android.gms:play-services-base:17.0.0] AndroidManifest.xml:23:9-26:75
90            android:name="com.google.android.gms.common.api.GoogleApiActivity"
90-->[com.google.android.gms:play-services-base:17.0.0] AndroidManifest.xml:24:13-79
91            android:exported="false"
91-->[com.google.android.gms:play-services-base:17.0.0] AndroidManifest.xml:25:13-37
92            android:theme="@android:style/Theme.Translucent.NoTitleBar" />
92-->[com.google.android.gms:play-services-base:17.0.0] AndroidManifest.xml:26:13-72
93
94        <provider
94-->[androidx.lifecycle:lifecycle-process:2.2.0] AndroidManifest.xml:25:9-29:43
95            android:name="androidx.lifecycle.ProcessLifecycleOwnerInitializer"
95-->[androidx.lifecycle:lifecycle-process:2.2.0] AndroidManifest.xml:26:13-79
96            android:authorities="com.finalassignment.lifecycle-process"
96-->[androidx.lifecycle:lifecycle-process:2.2.0] AndroidManifest.xml:27:13-69
97            android:exported="false"
97-->[androidx.lifecycle:lifecycle-process:2.2.0] AndroidManifest.xml:28:13-37
98            android:multiprocess="true" />
98-->[androidx.lifecycle:lifecycle-process:2.2.0] AndroidManifest.xml:29:13-40
99    </application>
100
101</manifest>